c:\users\frieda\desktop\113172241qrcode\qrcode\debug\qrcode.pch
c:\users\frieda\desktop\113172241qrcode\qrcode\debug\vc120.pdb
c:\users\frieda\desktop\113172241qrcode\qrcode\debug\vc120.idb
c:\users\frieda\desktop\113172241qrcode\qrcode\debug\stdafx.obj
c:\users\frieda\desktop\113172241qrcode\qrcode\debug\inifile.obj
c:\users\frieda\desktop\113172241qrcode\qrcode\debug\systemtray.obj
c:\users\frieda\desktop\113172241qrcode\qrcode\debug\qrcodedlg.obj
c:\users\frieda\desktop\113172241qrcode\qrcode\debug\qrcode.obj
c:\users\frieda\desktop\113172241qrcode\debug\qrcode.exe
c:\users\frieda\desktop\113172241qrcode\debug\qrcode.pdb
c:\users\frieda\desktop\113172241qrcode\qrcode\debug\qrcode.res
c:\users\frieda\desktop\113172241qrcode\qrcode\debug\qrcode.tlog\cl.command.1.tlog
c:\users\frieda\desktop\113172241qrcode\qrcode\debug\qrcode.tlog\cl.read.1.tlog
c:\users\frieda\desktop\113172241qrcode\qrcode\debug\qrcode.tlog\cl.write.1.tlog
c:\users\frieda\desktop\113172241qrcode\qrcode\debug\qrcode.tlog\link.command.1.tlog
c:\users\frieda\desktop\113172241qrcode\qrcode\debug\qrcode.tlog\link.read.1.tlog
c:\users\frieda\desktop\113172241qrcode\qrcode\debug\qrcode.tlog\link.write.1.tlog
c:\users\frieda\desktop\113172241qrcode\qrcode\debug\qrcode.tlog\rc.command.1.tlog
c:\users\frieda\desktop\113172241qrcode\qrcode\debug\qrcode.tlog\rc.read.1.tlog
c:\users\frieda\desktop\113172241qrcode\qrcode\debug\qrcode.tlog\rc.write.1.tlog
